  admin.cpp
C:\Users\hp\source\repos\final_showroom_project\final_showroom_project\admin.cpp(18,20): warning C4018: '<': signed/unsigned mismatch
C:\Users\hp\source\repos\final_showroom_project\final_showroom_project\admin.cpp(32,20): warning C4018: '<': signed/unsigned mismatch
C:\Users\hp\source\repos\final_showroom_project\final_showroom_project\admin.cpp(47,20): warning C4018: '<': signed/unsigned mismatch
C:\Users\hp\source\repos\final_showroom_project\final_showroom_project\admin.cpp(70,20): warning C4018: '<': signed/unsigned mismatch
C:\Users\hp\source\repos\final_showroom_project\final_showroom_project\admin.cpp(121,20): warning C4018: '<': signed/unsigned mismatch
C:\Users\hp\source\repos\final_showroom_project\final_showroom_project\admin.cpp(134,10): warning C4129: 'T': unrecognized character escape sequence
C:\Users\hp\source\repos\final_showroom_project\final_showroom_project\admin.cpp(136,20): warning C4018: '<': signed/unsigned mismatch
C:\Users\hp\source\repos\final_showroom_project\final_showroom_project\admin.cpp(152,11): warning C4551: function call missing argument list
C:\Users\hp\source\repos\final_showroom_project\final_showroom_project\admin.cpp(167,20): warning C4018: '<': signed/unsigned mismatch
C:\Users\hp\source\repos\final_showroom_project\final_showroom_project\admin.cpp(179,20): warning C4018: '<': signed/unsigned mismatch
C:\Users\hp\source\repos\final_showroom_project\final_showroom_project\admin.cpp(220,21): warning C4018: '<': signed/unsigned mismatch
C:\Users\hp\source\repos\final_showroom_project\final_showroom_project\admin.cpp(231,23): warning C4018: '<': signed/unsigned mismatch
C:\Users\hp\source\repos\final_showroom_project\final_showroom_project\admin.cpp(256,20): warning C4018: '<': signed/unsigned mismatch
C:\Users\hp\source\repos\final_showroom_project\final_showroom_project\admin.cpp(278,20): warning C4018: '<': signed/unsigned mismatch
C:\Users\hp\source\repos\final_showroom_project\final_showroom_project\admin.cpp(449,20): warning C4018: '<': signed/unsigned mismatch
C:\Users\hp\source\repos\final_showroom_project\final_showroom_project\admin.cpp(485,20): warning C4018: '<': signed/unsigned mismatch
C:\Users\hp\source\repos\final_showroom_project\final_showroom_project\admin.cpp(495,20): warning C4018: '<': signed/unsigned mismatch
C:\Users\hp\source\repos\final_showroom_project\final_showroom_project\admin.cpp(511,20): warning C4018: '<': signed/unsigned mismatch
C:\Users\hp\source\repos\final_showroom_project\final_showroom_project\admin.cpp(526,11): warning C4551: function call missing argument list
C:\Users\hp\source\repos\final_showroom_project\final_showroom_project\admin.cpp(547,20): warning C4018: '<': signed/unsigned mismatch
C:\Users\hp\source\repos\final_showroom_project\final_showroom_project\admin.cpp(563,11): warning C4551: function call missing argument list
C:\Users\hp\source\repos\final_showroom_project\final_showroom_project\admin.cpp(599,20): warning C4018: '<': signed/unsigned mismatch
C:\Users\hp\source\repos\final_showroom_project\final_showroom_project\admin.cpp(609,20): warning C4018: '<': signed/unsigned mismatch
C:\Users\hp\source\repos\final_showroom_project\final_showroom_project\admin.cpp(687,21): warning C4018: '<': signed/unsigned mismatch
C:\Users\hp\source\repos\final_showroom_project\final_showroom_project\admin.cpp(747,20): warning C4018: '<': signed/unsigned mismatch
C:\Users\hp\source\repos\final_showroom_project\final_showroom_project\admin.cpp(770,11): warning C4551: function call missing argument list
C:\Users\hp\source\repos\final_showroom_project\final_showroom_project\admin.cpp(785,20): warning C4018: '<': signed/unsigned mismatch
C:\Users\hp\source\repos\final_showroom_project\final_showroom_project\admin.cpp(790,20): warning C4018: '<': signed/unsigned mismatch
C:\Users\hp\source\repos\final_showroom_project\final_showroom_project\admin.cpp(817,11): warning C4551: function call missing argument list
C:\Users\hp\source\repos\final_showroom_project\final_showroom_project\admin.cpp(833,20): warning C4018: '<': signed/unsigned mismatch
C:\Users\hp\source\repos\final_showroom_project\final_showroom_project\admin.cpp(841,20): warning C4018: '<': signed/unsigned mismatch
C:\Users\hp\source\repos\final_showroom_project\final_showroom_project\admin.cpp(852,21): warning C4018: '<': signed/unsigned mismatch
C:\Users\hp\source\repos\final_showroom_project\final_showroom_project\admin.cpp(861,21): warning C4018: '<': signed/unsigned mismatch
C:\Users\hp\source\repos\final_showroom_project\final_showroom_project\admin.cpp(889,11): warning C4551: function call missing argument list
C:\Users\hp\source\repos\final_showroom_project\final_showroom_project\admin.cpp(898,12): warning C4244: 'argument': conversion from 'time_t' to 'unsigned int', possible loss of data
C:\Users\hp\source\repos\final_showroom_project\final_showroom_project\admin.cpp(386): warning C4717: 'admin::admin_view': recursive on all control paths, function will cause runtime stack overflow
  final_showroom_project.vcxproj -> C:\Users\hp\source\repos\final_showroom_project\Debug\final_showroom_project.exe
